TN:
SF:src\checklist.ts
FN:8,generateChecklistMarkdown
FN:14,(anonymous_1)
FN:18,(anonymous_2)
FNF:3
FNH:3
FNDA:5,generateChecklistMarkdown
FNDA:5,(anonymous_1)
FNDA:6,(anonymous_2)
DA:8,2
DA:9,5
DA:10,1
DA:13,4
DA:14,4
DA:15,5
DA:16,2
DA:18,5
DA:19,6
DA:21,5
DA:23,4
LF:11
LH:11
BRDA:9,0,0,1
BRDA:9,0,1,4
BRDA:15,1,0,2
BRDA:15,1,1,3
BRF:4
BRH:4
end_of_record
TN:
SF:src\config.ts
FN:31,loadConfig
FNF:1
FNH:1
FNDA:7,loadConfig
DA:1,2
DA:2,2
DA:31,2
DA:33,7
DA:34,7
DA:35,6
DA:37,2
DA:41,5
DA:42,0
DA:44,5
DA:45,1
DA:47,4
DA:48,4
DA:49,1
DA:51,3
DA:52,0
DA:56,3
LF:17
LH:15
BRDA:31,0,0,0
BRDA:41,1,0,0
BRDA:41,1,1,5
BRDA:41,2,0,5
BRDA:41,2,1,5
BRDA:44,3,0,1
BRDA:44,3,1,4
BRDA:48,4,0,1
BRDA:48,4,1,3
BRDA:48,5,0,4
BRDA:48,5,1,4
BRDA:51,6,0,0
BRDA:51,6,1,3
BRDA:51,7,0,3
BRDA:51,7,1,3
BRF:15
BRH:12
end_of_record
TN:
SF:src\github.ts
FN:3,getChangedFiles
FN:18,(anonymous_10)
FN:28,findCheckwiseComment
FN:48,createComment
FN:62,updateComment
FNF:5
FNH:5
FNDA:4,getChangedFiles
FNDA:105,(anonymous_10)
FNDA:4,findCheckwiseComment
FNDA:2,createComment
FNDA:2,updateComment
DA:1,2
DA:3,2
DA:4,4
DA:5,4
DA:6,4
DA:7,4
DA:8,4
DA:10,4
DA:11,5
DA:18,105
DA:19,5
DA:20,1
DA:22,4
DA:28,2
DA:29,4
DA:30,4
DA:31,4
DA:37,4
DA:38,5
DA:39,2
DA:42,2
DA:48,2
DA:49,2
DA:50,2
DA:51,2
DA:62,2
DA:63,2
DA:64,2
DA:65,2
LF:29
LH:29
BRDA:19,0,0,4
BRDA:19,0,1,1
BRDA:38,1,0,2
BRDA:38,1,1,3
BRDA:38,2,0,5
BRDA:38,2,1,5
BRF:6
BRH:6
end_of_record
TN:
SF:src\main.ts
FN:8,run
FNF:1
FNH:1
FNDA:3,run
DA:1,1
DA:2,1
DA:3,1
DA:4,1
DA:5,1
DA:6,1
DA:9,3
DA:10,3
DA:11,2
DA:12,2
DA:15,2
DA:18,2
DA:19,2
DA:22,2
DA:25,2
DA:28,2
DA:31,2
DA:32,2
DA:33,1
DA:34,1
DA:36,1
DA:37,1
DA:40,1
DA:45,1
DA:46,0
DA:49,1
LF:26
LH:25
BRDA:11,0,0,2
BRDA:11,0,1,0
BRDA:19,1,0,0
BRDA:19,1,1,2
BRDA:32,2,0,1
BRDA:32,2,1,1
BRDA:45,3,0,0
BRDA:45,3,1,1
BRF:8
BRH:5
end_of_record
TN:
SF:src\matcher.ts
FN:10,getMatchingRules
FN:14,(anonymous_2)
FNF:2
FNH:2
FNDA:6,getMatchingRules
FNDA:14,(anonymous_2)
DA:1,2
DA:10,2
DA:14,6
DA:16,14
LF:4
LH:4
BRF:0
BRH:0
end_of_record
