TN:
SF:src\checklist.ts
FN:8,generateChecklistMarkdown
FN:14,(anonymous_1)
FN:18,(anonymous_2)
FNF:3
FNH:3
FNDA:3,generateChecklistMarkdown
FNDA:3,(anonymous_1)
FNDA:4,(anonymous_2)
DA:8,1
DA:9,3
DA:10,1
DA:13,2
DA:14,2
DA:15,3
DA:16,2
DA:18,3
DA:19,4
DA:21,3
DA:23,2
LF:11
LH:11
BRDA:9,0,0,1
BRDA:9,0,1,2
BRDA:15,1,0,2
BRDA:15,1,1,1
BRF:4
BRH:4
end_of_record
TN:
SF:src\config.ts
FN:31,loadConfig
FNF:1
FNH:1
FNDA:5,loadConfig
DA:1,1
DA:2,1
DA:31,1
DA:33,5
DA:34,5
DA:35,4
DA:37,2
DA:41,3
DA:42,0
DA:44,3
DA:45,1
DA:47,2
DA:48,2
DA:49,1
DA:51,1
DA:52,0
DA:56,1
LF:17
LH:15
BRDA:31,0,0,0
BRDA:41,1,0,0
BRDA:41,1,1,3
BRDA:41,2,0,3
BRDA:41,2,1,3
BRDA:44,3,0,1
BRDA:44,3,1,2
BRDA:48,4,0,1
BRDA:48,4,1,1
BRDA:48,5,0,2
BRDA:48,5,1,2
BRDA:51,6,0,0
BRDA:51,6,1,1
BRDA:51,7,0,1
BRDA:51,7,1,1
BRF:15
BRH:12
end_of_record
TN:
SF:src\github.ts
FN:3,getChangedFiles
FN:18,(anonymous_10)
FN:28,findCheckwiseComment
FN:48,createComment
FN:62,updateComment
FNF:5
FNH:0
FNDA:0,getChangedFiles
FNDA:0,(anonymous_10)
FNDA:0,findCheckwiseComment
FNDA:0,createComment
FNDA:0,updateComment
DA:1,1
DA:3,1
DA:4,0
DA:5,0
DA:6,0
DA:7,0
DA:8,0
DA:10,0
DA:11,0
DA:18,0
DA:19,0
DA:20,0
DA:22,0
DA:28,1
DA:29,0
DA:30,0
DA:31,0
DA:37,0
DA:38,0
DA:39,0
DA:42,0
DA:48,1
DA:49,0
DA:50,0
DA:51,0
DA:62,1
DA:63,0
DA:64,0
DA:65,0
LF:29
LH:5
BRDA:19,0,0,0
BRDA:19,0,1,0
BRDA:38,1,0,0
BRDA:38,1,1,0
BRDA:38,2,0,0
BRDA:38,2,1,0
BRF:6
BRH:0
end_of_record
TN:
SF:src\matcher.ts
FN:10,getMatchingRules
FN:14,(anonymous_2)
FNF:2
FNH:2
FNDA:4,getMatchingRules
FNDA:12,(anonymous_2)
DA:1,1
DA:10,1
DA:14,4
DA:16,12
LF:4
LH:4
BRF:0
BRH:0
end_of_record
